{"/Users/juyeop/Desktop/Juyeop/knumarket/knumarket-auth-server/ormconfig.ts": {"path":"/Users/juyeop/Desktop/Juyeop/knumarket/knumarket-auth-server/ormconfig.ts","statementMap":{"0":{"start":{"line":1,"column":0},"end":{"line":1,"column":74}},"1":{"start":{"line":3,"column":0},"end":{"line":49,"column":null}}},"fnMap":{},"branchMap":{},"s":{"0":1,"1":1},"f":{},"b":{}}
,"/Users/juyeop/Desktop/Juyeop/knumarket/knumarket-auth-server/src/app.ts": {"path":"/Users/juyeop/Desktop/Juyeop/knumarket/knumarket-auth-server/src/app.ts","statementMap":{"0":{"start":{"line":1,"column":0},"end":{"line":1,"column":61}},"1":{"start":{"line":2,"column":0},"end":{"line":2,"column":37}},"2":{"start":{"line":4,"column":0},"end":{"line":4,"column":28}},"3":{"start":{"line":6,"column":0},"end":{"line":6,"column":28}},"4":{"start":{"line":7,"column":0},"end":{"line":7,"column":65}},"5":{"start":{"line":13,"column":8},"end":{"line":13,"column":29}},"6":{"start":{"line":15,"column":8},"end":{"line":15,"column":37}},"7":{"start":{"line":16,"column":8},"end":{"line":16,"column":48}},"8":{"start":{"line":17,"column":8},"end":{"line":17,"column":39}},"9":{"start":{"line":21,"column":8},"end":{"line":21,"column":40}},"10":{"start":{"line":22,"column":8},"end":{"line":22,"column":31}},"11":{"start":{"line":24,"column":8},"end":{"line":24,"column":41}},"12":{"start":{"line":28,"column":8},"end":{"line":28,"column":38}},"13":{"start":{"line":32,"column":23},"end":{"line":32,"column":31}},"14":{"start":{"line":34,"column":8},"end":{"line":34,"column":73}},"15":{"start":{"line":34,"column":57},"end":{"line":34,"column":71}},"16":{"start":{"line":36,"column":8},"end":{"line":38,"column":11}},"17":{"start":{"line":37,"column":12},"end":{"line":37,"column":42}},"18":{"start":{"line":40,"column":8},"end":{"line":40,"column":37}},"19":{"start":{"line":44,"column":29},"end":{"line":44,"column":61}},"20":{"start":{"line":45,"column":8},"end":{"line":47,"column":11}},"21":{"start":{"line":46,"column":12},"end":{"line":46,"column":61}},"22":{"start":{"line":51,"column":8},"end":{"line":51,"column":24}},"23":{"start":{"line":55,"column":0},"end":{"line":55,"column":19}}},"fnMap":{"0":{"name":"(anonymous_7)","decl":{"start":{"line":12,"column":4},"end":{"line":12,"column":16}},"loc":{"start":{"line":12,"column":44},"end":{"line":18,"column":5}}},"1":{"name":"(anonymous_8)","decl":{"start":{"line":20,"column":4},"end":{"line":20,"column":25}},"loc":{"start":{"line":20,"column":25},"end":{"line":25,"column":5}}},"2":{"name":"(anonymous_9)","decl":{"start":{"line":27,"column":4},"end":{"line":27,"column":27}},"loc":{"start":{"line":27,"column":27},"end":{"line":29,"column":5}}},"3":{"name":"(anonymous_10)","decl":{"start":{"line":31,"column":4},"end":{"line":31,"column":25}},"loc":{"start":{"line":31,"column":54},"end":{"line":41,"column":5}}},"4":{"name":"(anonymous_11)","decl":{"start":{"line":34,"column":24},"end":{"line":34,"column":25}},"loc":{"start":{"line":34,"column":57},"end":{"line":34,"column":71}}},"5":{"name":"(anonymous_12)","decl":{"start":{"line":36,"column":28},"end":{"line":36,"column":29}},"loc":{"start":{"line":36,"column":43},"end":{"line":38,"column":9}}},"6":{"name":"(anonymous_13)","decl":{"start":{"line":43,"column":4},"end":{"line":43,"column":10}},"loc":{"start":{"line":43,"column":10},"end":{"line":48,"column":5}}},"7":{"name":"(anonymous_14)","decl":{"start":{"line":45,"column":30},"end":{"line":45,"column":33}},"loc":{"start":{"line":45,"column":35},"end":{"line":47,"column":9}}},"8":{"name":"(anonymous_15)","decl":{"start":{"line":50,"column":4},"end":{"line":50,"column":13}},"loc":{"start":{"line":50,"column":13},"end":{"line":52,"column":5}}}},"branchMap":{"0":{"loc":{"start":{"line":44,"column":29},"end":{"line":44,"column":61}},"type":"binary-expr","locations":[{"start":{"line":44,"column":29},"end":{"line":44,"column":53}},{"start":{"line":44,"column":57},"end":{"line":44,"column":61}}]}},"s":{"0":1,"1":1,"2":1,"3":1,"4":1,"5":1,"6":1,"7":1,"8":1,"9":1,"10":1,"11":1,"12":1,"13":1,"14":1,"15":16,"16":1,"17":1,"18":1,"19":0,"20":0,"21":0,"22":1,"23":1},"f":{"0":1,"1":1,"2":1,"3":1,"4":16,"5":1,"6":0,"7":0,"8":1},"b":{"0":[0,0]}}
,"/Users/juyeop/Desktop/Juyeop/knumarket/knumarket-auth-server/src/config.ts": {"path":"/Users/juyeop/Desktop/Juyeop/knumarket/knumarket-auth-server/src/config.ts","statementMap":{"0":{"start":{"line":1,"column":0},"end":{"line":1,"column":28}},"1":{"start":{"line":2,"column":0},"end":{"line":2,"column":16}},"2":{"start":{"line":4,"column":13},"end":{"line":4,"column":48}},"3":{"start":{"line":5,"column":13},"end":{"line":5,"column":45}},"4":{"start":{"line":8,"column":13},"end":{"line":8,"column":33}},"5":{"start":{"line":9,"column":13},"end":{"line":9,"column":43}},"6":{"start":{"line":10,"column":13},"end":{"line":10,"column":43}},"7":{"start":{"line":11,"column":13},"end":{"line":11,"column":43}},"8":{"start":{"line":12,"column":13},"end":{"line":12,"column":51}}},"fnMap":{},"branchMap":{},"s":{"0":1,"1":1,"2":1,"3":1,"4":1,"5":1,"6":1,"7":1,"8":1},"f":{},"b":{}}
,"/Users/juyeop/Desktop/Juyeop/knumarket/knumarket-auth-server/src/api/user/user.con.ts": {"path":"/Users/juyeop/Desktop/Juyeop/knumarket/knumarket-auth-server/src/api/user/user.con.ts","statementMap":{"0":{"start":{"line":2,"column":0},"end":{"line":2,"column":66}},"1":{"start":{"line":3,"column":0},"end":{"line":3,"column":117}},"2":{"start":{"line":4,"column":0},"end":{"line":4,"column":38}},"3":{"start":{"line":5,"column":0},"end":{"line":5,"column":45}},"4":{"start":{"line":6,"column":0},"end":{"line":6,"column":106}},"5":{"start":{"line":8,"column":0},"end":{"line":8,"column":65}},"6":{"start":{"line":12,"column":4},"end":{"line":12,"column":28}},"7":{"start":{"line":13,"column":4},"end":{"line":13,"column":30}},"8":{"start":{"line":14,"column":4},"end":{"line":14,"column":56}},"9":{"start":{"line":42,"column":4},"end":{"line":59,"column":null}},"10":{"start":{"line":42,"column":80},"end":{"line":59,"column":null}},"11":{"start":{"line":43,"column":23},"end":{"line":43,"column":44}},"12":{"start":{"line":45,"column":8},"end":{"line":58,"column":null}},"13":{"start":{"line":46,"column":35},"end":{"line":51,"column":13}},"14":{"start":{"line":47,"column":16},"end":{"line":50,"column":null}},"15":{"start":{"line":53,"column":27},"end":{"line":53,"column":60}},"16":{"start":{"line":55,"column":12},"end":{"line":55,"column":58}},"17":{"start":{"line":57,"column":12},"end":{"line":57,"column":19}},"18":{"start":{"line":61,"column":4},"end":{"line":73,"column":null}},"19":{"start":{"line":61,"column":71},"end":{"line":73,"column":null}},"20":{"start":{"line":62,"column":8},"end":{"line":72,"column":null}},"21":{"start":{"line":63,"column":12},"end":{"line":63,"column":52}},"22":{"start":{"line":65,"column":12},"end":{"line":69,"column":15}},"23":{"start":{"line":71,"column":12},"end":{"line":71,"column":22}},"24":{"start":{"line":75,"column":4},"end":{"line":92,"column":null}},"25":{"start":{"line":75,"column":70},"end":{"line":92,"column":null}},"26":{"start":{"line":76,"column":36},"end":{"line":76,"column":44}},"27":{"start":{"line":78,"column":8},"end":{"line":91,"column":null}},"28":{"start":{"line":79,"column":48},"end":{"line":79,"column":97}},"29":{"start":{"line":81,"column":12},"end":{"line":88,"column":15}},"30":{"start":{"line":90,"column":12},"end":{"line":90,"column":22}},"31":{"start":{"line":94,"column":4},"end":{"line":112,"column":null}},"32":{"start":{"line":94,"column":74},"end":{"line":112,"column":null}},"33":{"start":{"line":95,"column":8},"end":{"line":111,"column":null}},"34":{"start":{"line":96,"column":26},"end":{"line":96,"column":54}},"35":{"start":{"line":98,"column":29},"end":{"line":98,"column":68}},"36":{"start":{"line":100,"column":12},"end":{"line":108,"column":15}},"37":{"start":{"line":110,"column":12},"end":{"line":110,"column":22}},"38":{"start":{"line":114,"column":4},"end":{"line":134,"column":null}},"39":{"start":{"line":114,"column":77},"end":{"line":134,"column":null}},"40":{"start":{"line":115,"column":29},"end":{"line":115,"column":37}},"41":{"start":{"line":117,"column":8},"end":{"line":133,"column":null}},"42":{"start":{"line":118,"column":26},"end":{"line":118,"column":54}},"43":{"start":{"line":120,"column":12},"end":{"line":120,"column":65}},"44":{"start":{"line":122,"column":12},"end":{"line":128,"column":15}},"45":{"start":{"line":131,"column":12},"end":{"line":131,"column":22}},"46":{"start":{"line":132,"column":12},"end":{"line":132,"column":29}},"47":{"start":{"line":136,"column":4},"end":{"line":139,"column":null}},"48":{"start":{"line":136,"column":80},"end":{"line":139,"column":null}},"49":{"start":{"line":141,"column":4},"end":{"line":145,"column":null}},"50":{"start":{"line":141,"column":77},"end":{"line":145,"column":null}},"51":{"start":{"line":17,"column":8},"end":{"line":17,"column":32}},"52":{"start":{"line":21,"column":23},"end":{"line":21,"column":31}},"53":{"start":{"line":23,"column":8},"end":{"line":36,"column":56}},"54":{"start":{"line":39,"column":8},"end":{"line":39,"column":43}},"55":{"start":{"line":10,"column":0},"end":{"line":10,"column":21}}},"fnMap":{"0":{"name":"(anonymous_8)","decl":{"start":{"line":16,"column":4},"end":{"line":16,"column":null}},"loc":{"start":{"line":16,"column":4},"end":{"line":18,"column":5}}},"1":{"name":"(anonymous_9)","decl":{"start":{"line":42,"column":22},"end":{"line":42,"column":29}},"loc":{"start":{"line":42,"column":80},"end":{"line":59,"column":null}}},"2":{"name":"(anonymous_10)","decl":{"start":{"line":42,"column":80},"end":{"line":42,"column":null}},"loc":{"start":{"line":42,"column":80},"end":{"line":59,"column":5}}},"3":{"name":"(anonymous_11)","decl":{"start":{"line":46,"column":35},"end":{"line":46,"column":36}},"loc":{"start":{"line":46,"column":71},"end":{"line":51,"column":13}}},"4":{"name":"(anonymous_12)","decl":{"start":{"line":61,"column":13},"end":{"line":61,"column":20}},"loc":{"start":{"line":61,"column":71},"end":{"line":73,"column":null}}},"5":{"name":"(anonymous_13)","decl":{"start":{"line":61,"column":71},"end":{"line":61,"column":null}},"loc":{"start":{"line":61,"column":71},"end":{"line":73,"column":5}}},"6":{"name":"(anonymous_14)","decl":{"start":{"line":75,"column":12},"end":{"line":75,"column":19}},"loc":{"start":{"line":75,"column":70},"end":{"line":92,"column":null}}},"7":{"name":"(anonymous_15)","decl":{"start":{"line":75,"column":70},"end":{"line":75,"column":null}},"loc":{"start":{"line":75,"column":70},"end":{"line":92,"column":5}}},"8":{"name":"(anonymous_16)","decl":{"start":{"line":94,"column":16},"end":{"line":94,"column":23}},"loc":{"start":{"line":94,"column":74},"end":{"line":112,"column":null}}},"9":{"name":"(anonymous_17)","decl":{"start":{"line":94,"column":74},"end":{"line":94,"column":null}},"loc":{"start":{"line":94,"column":74},"end":{"line":112,"column":5}}},"10":{"name":"(anonymous_18)","decl":{"start":{"line":114,"column":19},"end":{"line":114,"column":26}},"loc":{"start":{"line":114,"column":77},"end":{"line":134,"column":null}}},"11":{"name":"(anonymous_19)","decl":{"start":{"line":114,"column":77},"end":{"line":114,"column":null}},"loc":{"start":{"line":114,"column":77},"end":{"line":134,"column":5}}},"12":{"name":"(anonymous_20)","decl":{"start":{"line":136,"column":22},"end":{"line":136,"column":29}},"loc":{"start":{"line":136,"column":80},"end":{"line":139,"column":null}}},"13":{"name":"(anonymous_21)","decl":{"start":{"line":136,"column":80},"end":{"line":136,"column":null}},"loc":{"start":{"line":136,"column":80},"end":{"line":139,"column":5}}},"14":{"name":"(anonymous_22)","decl":{"start":{"line":141,"column":19},"end":{"line":141,"column":26}},"loc":{"start":{"line":141,"column":77},"end":{"line":145,"column":null}}},"15":{"name":"(anonymous_23)","decl":{"start":{"line":141,"column":77},"end":{"line":141,"column":null}},"loc":{"start":{"line":141,"column":77},"end":{"line":145,"column":5}}},"16":{"name":"(anonymous_24)","decl":{"start":{"line":20,"column":4},"end":{"line":20,"column":20}},"loc":{"start":{"line":20,"column":20},"end":{"line":40,"column":5}}}},"branchMap":{"0":{"loc":{"start":{"line":45,"column":8},"end":{"line":58,"column":null}},"type":"if","locations":[{"start":{"line":45,"column":8},"end":{"line":58,"column":null}},{"start":{"line":56,"column":15},"end":{"line":58,"column":null}}]}},"s":{"0":1,"1":1,"2":1,"3":1,"4":1,"5":1,"6":1,"7":1,"8":1,"9":1,"10":16,"11":16,"12":16,"13":6,"14":6,"15":6,"16":6,"17":10,"18":1,"19":2,"20":2,"21":2,"22":1,"23":1,"24":1,"25":5,"26":5,"27":5,"28":5,"29":4,"30":1,"31":1,"32":3,"33":3,"34":3,"35":3,"36":3,"37":2,"38":1,"39":3,"40":3,"41":3,"42":3,"43":3,"44":3,"45":2,"46":2,"47":1,"48":0,"49":1,"50":0,"51":1,"52":1,"53":1,"54":1,"55":1},"f":{"0":1,"1":16,"2":16,"3":6,"4":2,"5":2,"6":5,"7":5,"8":3,"9":3,"10":3,"11":3,"12":0,"13":0,"14":0,"15":0,"16":1},"b":{"0":[6,10]}}
,"/Users/juyeop/Desktop/Juyeop/knumarket/knumarket-auth-server/src/api/user/user.repo.ts": {"path":"/Users/juyeop/Desktop/Juyeop/knumarket/knumarket-auth-server/src/api/user/user.repo.ts","statementMap":{"0":{"start":{"line":1,"column":0},"end":{"line":1,"column":41}},"1":{"start":{"line":2,"column":0},"end":{"line":2,"column":40}},"2":{"start":{"line":4,"column":0},"end":{"line":4,"column":40}},"3":{"start":{"line":9,"column":24},"end":{"line":14,"column":22}},"4":{"start":{"line":16,"column":8},"end":{"line":16,"column":19}},"5":{"start":{"line":20,"column":6},"end":{"line":24,"column":12}},"6":{"start":{"line":28,"column":8},"end":{"line":33,"column":21}},"7":{"start":{"line":37,"column":22},"end":{"line":43,"column":20}},"8":{"start":{"line":45,"column":6},"end":{"line":45,"column":17}},"9":{"start":{"line":49,"column":6},"end":{"line":54,"column":19}},"10":{"start":{"line":6,"column":0},"end":{"line":6,"column":13}}},"fnMap":{"0":{"name":"(anonymous_7)","decl":{"start":{"line":8,"column":10},"end":{"line":8,"column":22}},"loc":{"start":{"line":8,"column":36},"end":{"line":17,"column":null}}},"1":{"name":"(anonymous_9)","decl":{"start":{"line":19,"column":10},"end":{"line":19,"column":21}},"loc":{"start":{"line":19,"column":35},"end":{"line":25,"column":null}}},"2":{"name":"(anonymous_11)","decl":{"start":{"line":27,"column":10},"end":{"line":27,"column":16}},"loc":{"start":{"line":27,"column":30},"end":{"line":34,"column":null}}},"3":{"name":"(anonymous_13)","decl":{"start":{"line":36,"column":10},"end":{"line":36,"column":38}},"loc":{"start":{"line":36,"column":70},"end":{"line":46,"column":null}}},"4":{"name":"(anonymous_15)","decl":{"start":{"line":48,"column":10},"end":{"line":48,"column":31}},"loc":{"start":{"line":48,"column":63},"end":{"line":55,"column":null}}}},"branchMap":{},"s":{"0":1,"1":1,"2":1,"3":2,"4":2,"5":4,"6":1,"7":5,"8":5,"9":3,"10":1},"f":{"0":2,"1":4,"2":1,"3":5,"4":3},"b":{}}
,"/Users/juyeop/Desktop/Juyeop/knumarket/knumarket-auth-server/src/api/user/user.serv.ts": {"path":"/Users/juyeop/Desktop/Juyeop/knumarket/knumarket-auth-server/src/api/user/user.serv.ts","statementMap":{"0":{"start":{"line":1,"column":0},"end":{"line":1,"column":36}},"1":{"start":{"line":2,"column":0},"end":{"line":2,"column":86}},"2":{"start":{"line":3,"column":0},"end":{"line":3,"column":28}},"3":{"start":{"line":7,"column":0},"end":{"line":7,"column":79}},"4":{"start":{"line":8,"column":0},"end":{"line":8,"column":40}},"5":{"start":{"line":9,"column":0},"end":{"line":9,"column":50}},"6":{"start":{"line":38,"column":2},"end":{"line":56,"column":null}},"7":{"start":{"line":38,"column":81},"end":{"line":56,"column":null}},"8":{"start":{"line":39,"column":29},"end":{"line":39,"column":66}},"9":{"start":{"line":41,"column":4},"end":{"line":43,"column":null}},"10":{"start":{"line":42,"column":6},"end":{"line":42,"column":53}},"11":{"start":{"line":45,"column":29},"end":{"line":45,"column":37}},"12":{"start":{"line":46,"column":38},"end":{"line":46,"column":72}},"13":{"start":{"line":48,"column":29},"end":{"line":53,"column":6}},"14":{"start":{"line":55,"column":4},"end":{"line":55,"column":46}},"15":{"start":{"line":58,"column":2},"end":{"line":72,"column":null}},"16":{"start":{"line":58,"column":56},"end":{"line":72,"column":null}},"17":{"start":{"line":59,"column":24},"end":{"line":59,"column":75}},"18":{"start":{"line":60,"column":27},"end":{"line":60,"column":29}},"19":{"start":{"line":62,"column":4},"end":{"line":64,"column":null}},"20":{"start":{"line":63,"column":6},"end":{"line":63,"column":65}},"21":{"start":{"line":66,"column":4},"end":{"line":66,"column":46}},"22":{"start":{"line":67,"column":4},"end":{"line":67,"column":47}},"23":{"start":{"line":69,"column":4},"end":{"line":69,"column":38}},"24":{"start":{"line":71,"column":4},"end":{"line":71,"column":18}},"25":{"start":{"line":74,"column":2},"end":{"line":76,"column":null}},"26":{"start":{"line":74,"column":38},"end":{"line":76,"column":null}},"27":{"start":{"line":75,"column":4},"end":{"line":75,"column":50}},"28":{"start":{"line":78,"column":2},"end":{"line":80,"column":null}},"29":{"start":{"line":78,"column":59},"end":{"line":80,"column":null}},"30":{"start":{"line":79,"column":4},"end":{"line":79,"column":null}},"31":{"start":{"line":18,"column":4},"end":{"line":18,"column":41}},"32":{"start":{"line":22,"column":4},"end":{"line":25,"column":21}},"33":{"start":{"line":29,"column":4},"end":{"line":29,"column":51}},"34":{"start":{"line":33,"column":38},"end":{"line":33,"column":67}},"35":{"start":{"line":34,"column":20},"end":{"line":34,"column":100}},"36":{"start":{"line":35,"column":4},"end":{"line":35,"column":20}},"37":{"start":{"line":13,"column":0},"end":{"line":13,"column":21}}},"fnMap":{"0":{"name":"(anonymous_8)","decl":{"start":{"line":17,"column":2},"end":{"line":17,"column":14}},"loc":{"start":{"line":17,"column":44},"end":{"line":19,"column":3}}},"1":{"name":"(anonymous_9)","decl":{"start":{"line":38,"column":11},"end":{"line":38,"column":18}},"loc":{"start":{"line":38,"column":81},"end":{"line":56,"column":null}}},"2":{"name":"(anonymous_10)","decl":{"start":{"line":38,"column":81},"end":{"line":38,"column":null}},"loc":{"start":{"line":38,"column":81},"end":{"line":56,"column":3}}},"3":{"name":"(anonymous_11)","decl":{"start":{"line":58,"column":14},"end":{"line":58,"column":21}},"loc":{"start":{"line":58,"column":56},"end":{"line":72,"column":null}}},"4":{"name":"(anonymous_12)","decl":{"start":{"line":58,"column":56},"end":{"line":58,"column":null}},"loc":{"start":{"line":58,"column":56},"end":{"line":72,"column":3}}},"5":{"name":"(anonymous_13)","decl":{"start":{"line":74,"column":14},"end":{"line":74,"column":21}},"loc":{"start":{"line":74,"column":38},"end":{"line":76,"column":null}}},"6":{"name":"(anonymous_14)","decl":{"start":{"line":74,"column":38},"end":{"line":74,"column":null}},"loc":{"start":{"line":74,"column":38},"end":{"line":76,"column":3}}},"7":{"name":"(anonymous_15)","decl":{"start":{"line":78,"column":17},"end":{"line":78,"column":24}},"loc":{"start":{"line":78,"column":59},"end":{"line":80,"column":null}}},"8":{"name":"(anonymous_16)","decl":{"start":{"line":78,"column":59},"end":{"line":78,"column":null}},"loc":{"start":{"line":78,"column":59},"end":{"line":80,"column":3}}},"9":{"name":"(anonymous_17)","decl":{"start":{"line":21,"column":2},"end":{"line":21,"column":16}},"loc":{"start":{"line":21,"column":33},"end":{"line":26,"column":3}}},"10":{"name":"(anonymous_18)","decl":{"start":{"line":28,"column":8},"end":{"line":28,"column":20}},"loc":{"start":{"line":28,"column":34},"end":{"line":30,"column":null}}},"11":{"name":"(anonymous_20)","decl":{"start":{"line":32,"column":8},"end":{"line":32,"column":31}},"loc":{"start":{"line":32,"column":63},"end":{"line":36,"column":null}}}},"branchMap":{"0":{"loc":{"start":{"line":41,"column":4},"end":{"line":43,"column":null}},"type":"if","locations":[{"start":{"line":41,"column":4},"end":{"line":43,"column":null}}]},"1":{"loc":{"start":{"line":62,"column":4},"end":{"line":64,"column":null}},"type":"if","locations":[{"start":{"line":62,"column":4},"end":{"line":64,"column":null}}]},"2":{"loc":{"start":{"line":23,"column":28},"end":{"line":23,"column":52}},"type":"binary-expr","locations":[{"start":{"line":23,"column":28},"end":{"line":23,"column":46}},{"start":{"line":23,"column":50},"end":{"line":23,"column":52}}]}},"s":{"0":1,"1":1,"2":1,"3":1,"4":1,"5":1,"6":1,"7":2,"8":2,"9":2,"10":1,"11":1,"12":1,"13":1,"14":1,"15":1,"16":5,"17":5,"18":5,"19":5,"20":1,"21":4,"22":4,"23":4,"24":4,"25":1,"26":3,"27":3,"28":1,"29":3,"30":3,"31":1,"32":6,"33":2,"34":5,"35":5,"36":5,"37":1},"f":{"0":1,"1":2,"2":2,"3":5,"4":5,"5":3,"6":3,"7":3,"8":3,"9":6,"10":2,"11":5},"b":{"0":[1],"1":[1],"2":[6,6]}}
,"/Users/juyeop/Desktop/Juyeop/knumarket/knumarket-auth-server/src/common/exceptions/bad-request.exception.ts": {"path":"/Users/juyeop/Desktop/Juyeop/knumarket/knumarket-auth-server/src/common/exceptions/bad-request.exception.ts","statementMap":{"0":{"start":{"line":2,"column":0},"end":{"line":2,"column":49}},"1":{"start":{"line":7,"column":4},"end":{"line":12,"column":null}},"2":{"start":{"line":8,"column":6},"end":{"line":8,"column":25}},"3":{"start":{"line":10,"column":6},"end":{"line":10,"column":31}},"4":{"start":{"line":11,"column":6},"end":{"line":11,"column":27}},"5":{"start":{"line":4,"column":0},"end":{"line":4,"column":13}}},"fnMap":{"0":{"name":"(anonymous_0)","decl":{"start":{"line":6,"column":2},"end":{"line":6,"column":14}},"loc":{"start":{"line":6,"column":26},"end":{"line":13,"column":3}}}},"branchMap":{"0":{"loc":{"start":{"line":7,"column":4},"end":{"line":12,"column":null}},"type":"if","locations":[{"start":{"line":7,"column":4},"end":{"line":12,"column":null}},{"start":{"line":9,"column":11},"end":{"line":12,"column":null}}]}},"s":{"0":1,"1":8,"2":2,"3":6,"4":6,"5":1},"f":{"0":8},"b":{"0":[2,6]}}
,"/Users/juyeop/Desktop/Juyeop/knumarket/knumarket-auth-server/src/common/exceptions/conflict.exception.ts": {"path":"/Users/juyeop/Desktop/Juyeop/knumarket/knumarket-auth-server/src/common/exceptions/conflict.exception.ts","statementMap":{"0":{"start":{"line":1,"column":0},"end":{"line":1,"column":49}},"1":{"start":{"line":5,"column":4},"end":{"line":5,"column":24}},"2":{"start":{"line":3,"column":0},"end":{"line":3,"column":13}}},"fnMap":{"0":{"name":"(anonymous_0)","decl":{"start":{"line":4,"column":2},"end":{"line":4,"column":14}},"loc":{"start":{"line":4,"column":48},"end":{"line":6,"column":3}}}},"branchMap":{"0":{"loc":{"start":{"line":4,"column":14},"end":{"line":4,"column":48}},"type":"default-arg","locations":[{"start":{"line":4,"column":32},"end":{"line":4,"column":48}}]}},"s":{"0":1,"1":1,"2":1},"f":{"0":1},"b":{"0":[0]}}
,"/Users/juyeop/Desktop/Juyeop/knumarket/knumarket-auth-server/src/common/exceptions/http.exception.ts": {"path":"/Users/juyeop/Desktop/Juyeop/knumarket/knumarket-auth-server/src/common/exceptions/http.exception.ts","statementMap":{"0":{"start":{"line":6,"column":8},"end":{"line":6,"column":23}},"1":{"start":{"line":8,"column":8},"end":{"line":8,"column":29}},"2":{"start":{"line":9,"column":8},"end":{"line":9,"column":31}},"3":{"start":{"line":10,"column":8},"end":{"line":10,"column":29}},"4":{"start":{"line":14,"column":8},"end":{"line":14,"column":27}},"5":{"start":{"line":18,"column":8},"end":{"line":18,"column":28}},"6":{"start":{"line":1,"column":0},"end":{"line":1,"column":13}}},"fnMap":{"0":{"name":"(anonymous_0)","decl":{"start":{"line":5,"column":4},"end":{"line":5,"column":16}},"loc":{"start":{"line":5,"column":61},"end":{"line":11,"column":5}}},"1":{"name":"(anonymous_1)","decl":{"start":{"line":13,"column":4},"end":{"line":13,"column":8}},"loc":{"start":{"line":13,"column":17},"end":{"line":15,"column":5}}},"2":{"name":"(anonymous_2)","decl":{"start":{"line":17,"column":4},"end":{"line":17,"column":8}},"loc":{"start":{"line":17,"column":18},"end":{"line":19,"column":5}}}},"branchMap":{},"s":{"0":12,"1":12,"2":12,"3":12,"4":0,"5":0,"6":1},"f":{"0":12,"1":0,"2":0},"b":{}}
,"/Users/juyeop/Desktop/Juyeop/knumarket/knumarket-auth-server/src/common/exceptions/index.ts": {"path":"/Users/juyeop/Desktop/Juyeop/knumarket/knumarket-auth-server/src/common/exceptions/index.ts","statementMap":{"0":{"start":{"line":1,"column":0},"end":{"line":1,"column":33}},"1":{"start":{"line":2,"column":0},"end":{"line":2,"column":40}},"2":{"start":{"line":3,"column":0},"end":{"line":3,"column":41}},"3":{"start":{"line":4,"column":0},"end":{"line":4,"column":35}}},"fnMap":{},"branchMap":{},"s":{"0":1,"1":1,"2":1,"3":1},"f":{},"b":{}}
,"/Users/juyeop/Desktop/Juyeop/knumarket/knumarket-auth-server/src/common/exceptions/server.exception.ts": {"path":"/Users/juyeop/Desktop/Juyeop/knumarket/knumarket-auth-server/src/common/exceptions/server.exception.ts","statementMap":{"0":{"start":{"line":1,"column":0},"end":{"line":1,"column":49}},"1":{"start":{"line":5,"column":6},"end":{"line":5,"column":26}},"2":{"start":{"line":3,"column":0},"end":{"line":3,"column":13}}},"fnMap":{"0":{"name":"(anonymous_0)","decl":{"start":{"line":4,"column":4},"end":{"line":4,"column":16}},"loc":{"start":{"line":4,"column":46},"end":{"line":6,"column":5}}}},"branchMap":{"0":{"loc":{"start":{"line":4,"column":16},"end":{"line":4,"column":46}},"type":"default-arg","locations":[{"start":{"line":4,"column":34},"end":{"line":4,"column":46}}]}},"s":{"0":1,"1":0,"2":1},"f":{"0":0},"b":{"0":[0]}}
,"/Users/juyeop/Desktop/Juyeop/knumarket/knumarket-auth-server/src/common/exceptions/unauthorized.exception.ts": {"path":"/Users/juyeop/Desktop/Juyeop/knumarket/knumarket-auth-server/src/common/exceptions/unauthorized.exception.ts","statementMap":{"0":{"start":{"line":1,"column":0},"end":{"line":1,"column":49}},"1":{"start":{"line":5,"column":4},"end":{"line":5,"column":24}},"2":{"start":{"line":3,"column":0},"end":{"line":3,"column":13}}},"fnMap":{"0":{"name":"(anonymous_0)","decl":{"start":{"line":4,"column":2},"end":{"line":4,"column":14}},"loc":{"start":{"line":4,"column":54},"end":{"line":6,"column":3}}}},"branchMap":{"0":{"loc":{"start":{"line":4,"column":14},"end":{"line":4,"column":54}},"type":"default-arg","locations":[{"start":{"line":4,"column":32},"end":{"line":4,"column":54}}]}},"s":{"0":1,"1":3,"2":1},"f":{"0":3},"b":{"0":[0]}}
,"/Users/juyeop/Desktop/Juyeop/knumarket/knumarket-auth-server/src/entity/User.ts": {"path":"/Users/juyeop/Desktop/Juyeop/knumarket/knumarket-auth-server/src/entity/User.ts","statementMap":{"0":{"start":{"line":1,"column":0},"end":{"line":1,"column":81}},"1":{"start":{"line":2,"column":0},"end":{"line":2,"column":42}},"2":{"start":{"line":5,"column":0},"end":{"line":30,"column":null}},"3":{"start":{"line":8,"column":4},"end":{"line":8,"column":null}},"4":{"start":{"line":13,"column":4},"end":{"line":13,"column":null}},"5":{"start":{"line":16,"column":4},"end":{"line":16,"column":null}},"6":{"start":{"line":19,"column":4},"end":{"line":19,"column":null}},"7":{"start":{"line":22,"column":4},"end":{"line":22,"column":null}},"8":{"start":{"line":25,"column":4},"end":{"line":25,"column":null}},"9":{"start":{"line":24,"column":29},"end":{"line":24,"column":49}},"10":{"start":{"line":28,"column":4},"end":{"line":28,"column":null}},"11":{"start":{"line":27,"column":29},"end":{"line":27,"column":49}},"12":{"start":{"line":5,"column":13},"end":{"line":30,"column":null}},"13":{"start":{"line":5,"column":13},"end":{"line":5,"column":17}}},"fnMap":{"0":{"name":"(anonymous_2)","decl":{"start":{"line":24,"column":23},"end":{"line":24,"column":26}},"loc":{"start":{"line":24,"column":29},"end":{"line":24,"column":49}}},"1":{"name":"(anonymous_3)","decl":{"start":{"line":27,"column":23},"end":{"line":27,"column":26}},"loc":{"start":{"line":27,"column":29},"end":{"line":27,"column":49}}}},"branchMap":{},"s":{"0":1,"1":1,"2":1,"3":1,"4":1,"5":1,"6":1,"7":1,"8":1,"9":2,"10":1,"11":2,"12":1,"13":1},"f":{"0":2,"1":2},"b":{}}
,"/Users/juyeop/Desktop/Juyeop/knumarket/knumarket-auth-server/src/lib/database.ts": {"path":"/Users/juyeop/Desktop/Juyeop/knumarket/knumarket-auth-server/src/lib/database.ts","statementMap":{"0":{"start":{"line":1,"column":0},"end":{"line":1,"column":55}},"1":{"start":{"line":2,"column":0},"end":{"line":2,"column":37}},"2":{"start":{"line":3,"column":0},"end":{"line":3,"column":37}},"3":{"start":{"line":8,"column":34},"end":{"line":17,"column":2}},"4":{"start":{"line":8,"column":45},"end":{"line":17,"column":2}},"5":{"start":{"line":10,"column":4},"end":{"line":10,"column":50}},"6":{"start":{"line":12,"column":4},"end":{"line":12,"column":33}},"7":{"start":{"line":14,"column":4},"end":{"line":14,"column":77}},"8":{"start":{"line":14,"column":37},"end":{"line":14,"column":75}},"9":{"start":{"line":16,"column":4},"end":{"line":16,"column":32}},"10":{"start":{"line":8,"column":13},"end":{"line":8,"column":34}},"11":{"start":{"line":19,"column":29},"end":{"line":26,"column":null}},"12":{"start":{"line":19,"column":40},"end":{"line":26,"column":null}},"13":{"start":{"line":20,"column":4},"end":{"line":22,"column":null}},"14":{"start":{"line":21,"column":8},"end":{"line":21,"column":33}},"15":{"start":{"line":23,"column":4},"end":{"line":25,"column":null}},"16":{"start":{"line":24,"column":8},"end":{"line":24,"column":33}},"17":{"start":{"line":19,"column":13},"end":{"line":19,"column":29}}},"fnMap":{"0":{"name":"(anonymous_7)","decl":{"start":{"line":8,"column":34},"end":{"line":8,"column":43}},"loc":{"start":{"line":8,"column":45},"end":{"line":17,"column":2}}},"1":{"name":"(anonymous_8)","decl":{"start":{"line":8,"column":45},"end":{"line":8,"column":null}},"loc":{"start":{"line":8,"column":45},"end":{"line":17,"column":1}}},"2":{"name":"(anonymous_9)","decl":{"start":{"line":14,"column":28},"end":{"line":14,"column":29}},"loc":{"start":{"line":14,"column":37},"end":{"line":14,"column":75}}},"3":{"name":"(anonymous_10)","decl":{"start":{"line":19,"column":29},"end":{"line":19,"column":38}},"loc":{"start":{"line":19,"column":40},"end":{"line":26,"column":null}}},"4":{"name":"(anonymous_11)","decl":{"start":{"line":19,"column":40},"end":{"line":19,"column":null}},"loc":{"start":{"line":19,"column":40},"end":{"line":26,"column":1}}}},"branchMap":{"0":{"loc":{"start":{"line":20,"column":4},"end":{"line":22,"column":null}},"type":"if","locations":[{"start":{"line":20,"column":4},"end":{"line":22,"column":null}}]},"1":{"loc":{"start":{"line":23,"column":4},"end":{"line":25,"column":null}},"type":"if","locations":[{"start":{"line":23,"column":4},"end":{"line":25,"column":null}}]}},"s":{"0":1,"1":1,"2":1,"3":1,"4":1,"5":1,"6":1,"7":1,"8":0,"9":1,"10":1,"11":1,"12":1,"13":1,"14":1,"15":1,"16":1,"17":1},"f":{"0":1,"1":1,"2":0,"3":1,"4":1},"b":{"0":[1],"1":[1]}}
,"/Users/juyeop/Desktop/Juyeop/knumarket/knumarket-auth-server/src/lib/jwt.ts": {"path":"/Users/juyeop/Desktop/Juyeop/knumarket/knumarket-auth-server/src/lib/jwt.ts","statementMap":{"0":{"start":{"line":1,"column":0},"end":{"line":1,"column":36}},"1":{"start":{"line":2,"column":0},"end":{"line":2,"column":38}},"2":{"start":{"line":4,"column":23},"end":{"line":10,"column":1}},"3":{"start":{"line":5,"column":4},"end":{"line":9,"column":7}},"4":{"start":{"line":4,"column":13},"end":{"line":4,"column":23}},"5":{"start":{"line":12,"column":25},"end":{"line":14,"column":1}},"6":{"start":{"line":13,"column":4},"end":{"line":13,"column":49}},"7":{"start":{"line":12,"column":13},"end":{"line":12,"column":25}}},"fnMap":{"0":{"name":"(anonymous_6)","decl":{"start":{"line":4,"column":23},"end":{"line":4,"column":24}},"loc":{"start":{"line":4,"column":56},"end":{"line":10,"column":1}}},"1":{"name":"(anonymous_7)","decl":{"start":{"line":12,"column":25},"end":{"line":12,"column":26}},"loc":{"start":{"line":12,"column":45},"end":{"line":14,"column":1}}}},"branchMap":{},"s":{"0":1,"1":1,"2":1,"3":8,"4":1,"5":1,"6":6,"7":1},"f":{"0":8,"1":6},"b":{}}
,"/Users/juyeop/Desktop/Juyeop/knumarket/knumarket-auth-server/src/lib/redis.ts": {"path":"/Users/juyeop/Desktop/Juyeop/knumarket/knumarket-auth-server/src/lib/redis.ts","statementMap":{"0":{"start":{"line":1,"column":0},"end":{"line":1,"column":41}},"1":{"start":{"line":3,"column":31},"end":{"line":5,"column":1}},"2":{"start":{"line":4,"column":4},"end":{"line":4,"column":41}},"3":{"start":{"line":3,"column":13},"end":{"line":3,"column":31}},"4":{"start":{"line":7,"column":31},"end":{"line":9,"column":2}},"5":{"start":{"line":7,"column":72},"end":{"line":9,"column":2}},"6":{"start":{"line":8,"column":4},"end":{"line":8,"column":34}},"7":{"start":{"line":7,"column":13},"end":{"line":7,"column":31}}},"fnMap":{"0":{"name":"(anonymous_7)","decl":{"start":{"line":3,"column":31},"end":{"line":3,"column":32}},"loc":{"start":{"line":3,"column":77},"end":{"line":5,"column":1}}},"1":{"name":"(anonymous_8)","decl":{"start":{"line":7,"column":31},"end":{"line":7,"column":38}},"loc":{"start":{"line":7,"column":72},"end":{"line":9,"column":2}}},"2":{"name":"(anonymous_9)","decl":{"start":{"line":7,"column":72},"end":{"line":7,"column":null}},"loc":{"start":{"line":7,"column":72},"end":{"line":9,"column":1}}}},"branchMap":{},"s":{"0":1,"1":1,"2":4,"3":1,"4":1,"5":1,"6":1,"7":1},"f":{"0":4,"1":1,"2":1},"b":{}}
,"/Users/juyeop/Desktop/Juyeop/knumarket/knumarket-auth-server/src/middlewares/auth.middleware.ts": {"path":"/Users/juyeop/Desktop/Juyeop/knumarket/knumarket-auth-server/src/middlewares/auth.middleware.ts","statementMap":{"0":{"start":{"line":3,"column":0},"end":{"line":3,"column":82}},"1":{"start":{"line":4,"column":0},"end":{"line":4,"column":39}},"2":{"start":{"line":6,"column":28},"end":{"line":21,"column":1}},"3":{"start":{"line":7,"column":22},"end":{"line":7,"column":50}},"4":{"start":{"line":9,"column":2},"end":{"line":20,"column":null}},"5":{"start":{"line":10,"column":4},"end":{"line":17,"column":null}},"6":{"start":{"line":11,"column":20},"end":{"line":11,"column":55}},"7":{"start":{"line":12,"column":22},"end":{"line":12,"column":38}},"8":{"start":{"line":14,"column":6},"end":{"line":14,"column":30}},"9":{"start":{"line":16,"column":6},"end":{"line":16,"column":56}},"10":{"start":{"line":19,"column":4},"end":{"line":19,"column":75}},"11":{"start":{"line":6,"column":13},"end":{"line":6,"column":28}}},"fnMap":{"0":{"name":"(anonymous_0)","decl":{"start":{"line":6,"column":28},"end":{"line":6,"column":29}},"loc":{"start":{"line":6,"column":80},"end":{"line":21,"column":1}}}},"branchMap":{"0":{"loc":{"start":{"line":9,"column":2},"end":{"line":20,"column":null}},"type":"if","locations":[{"start":{"line":9,"column":2},"end":{"line":20,"column":null}},{"start":{"line":18,"column":9},"end":{"line":20,"column":null}}]}},"s":{"0":1,"1":1,"2":1,"3":6,"4":6,"5":4,"6":4,"7":4,"8":2,"9":2,"10":2,"11":1},"f":{"0":6},"b":{"0":[4,2]}}
,"/Users/juyeop/Desktop/Juyeop/knumarket/knumarket-auth-server/src/middlewares/error.middleware.ts": {"path":"/Users/juyeop/Desktop/Juyeop/knumarket/knumarket-auth-server/src/middlewares/error.middleware.ts","statementMap":{"0":{"start":{"line":4,"column":31},"end":{"line":18,"column":1}},"1":{"start":{"line":5,"column":4},"end":{"line":17,"column":null}},"2":{"start":{"line":6,"column":8},"end":{"line":14,"column":null}},"3":{"start":{"line":16,"column":8},"end":{"line":16,"column":15}},"4":{"start":{"line":4,"column":13},"end":{"line":4,"column":31}}},"fnMap":{"0":{"name":"(anonymous_0)","decl":{"start":{"line":4,"column":31},"end":{"line":4,"column":32}},"loc":{"start":{"line":4,"column":103},"end":{"line":18,"column":1}}}},"branchMap":{"0":{"loc":{"start":{"line":5,"column":4},"end":{"line":17,"column":null}},"type":"if","locations":[{"start":{"line":5,"column":4},"end":{"line":17,"column":null}},{"start":{"line":15,"column":11},"end":{"line":17,"column":null}}]},"1":{"loc":{"start":{"line":12,"column":24},"end":{"line":12,"column":63}},"type":"cond-expr","locations":[{"start":{"line":12,"column":46},"end":{"line":12,"column":56}},{"start":{"line":12,"column":59},"end":{"line":12,"column":63}}]}},"s":{"0":1,"1":12,"2":12,"3":0,"4":1},"f":{"0":12},"b":{"0":[12,0],"1":[12,0]}}
,"/Users/juyeop/Desktop/Juyeop/knumarket/knumarket-auth-server/src/test/lib/fake-data.ts": {"path":"/Users/juyeop/Desktop/Juyeop/knumarket/knumarket-auth-server/src/test/lib/fake-data.ts","statementMap":{"0":{"start":{"line":6,"column":8},"end":{"line":6,"column":41}},"1":{"start":{"line":7,"column":8},"end":{"line":7,"column":41}},"2":{"start":{"line":11,"column":8},"end":{"line":11,"column":26}},"3":{"start":{"line":15,"column":8},"end":{"line":15,"column":27}},"4":{"start":{"line":19,"column":8},"end":{"line":19,"column":29}},"5":{"start":{"line":23,"column":8},"end":{"line":23,"column":33}},"6":{"start":{"line":1,"column":0},"end":{"line":1,"column":13}},"7":{"start":{"line":32,"column":8},"end":{"line":32,"column":16}},"8":{"start":{"line":33,"column":8},"end":{"line":33,"column":36}},"9":{"start":{"line":37,"column":8},"end":{"line":37,"column":29}},"10":{"start":{"line":41,"column":8},"end":{"line":41,"column":33}},"11":{"start":{"line":28,"column":0},"end":{"line":28,"column":13}}},"fnMap":{"0":{"name":"(anonymous_0)","decl":{"start":{"line":5,"column":4},"end":{"line":5,"column":null}},"loc":{"start":{"line":5,"column":4},"end":{"line":8,"column":5}}},"1":{"name":"(anonymous_1)","decl":{"start":{"line":10,"column":11},"end":{"line":10,"column":19}},"loc":{"start":{"line":10,"column":19},"end":{"line":12,"column":5}}},"2":{"name":"(anonymous_2)","decl":{"start":{"line":14,"column":11},"end":{"line":14,"column":19}},"loc":{"start":{"line":14,"column":33},"end":{"line":16,"column":5}}},"3":{"name":"(anonymous_3)","decl":{"start":{"line":18,"column":11},"end":{"line":18,"column":22}},"loc":{"start":{"line":18,"column":22},"end":{"line":20,"column":5}}},"4":{"name":"(anonymous_4)","decl":{"start":{"line":22,"column":11},"end":{"line":22,"column":22}},"loc":{"start":{"line":22,"column":39},"end":{"line":24,"column":5}}},"5":{"name":"(anonymous_5)","decl":{"start":{"line":31,"column":4},"end":{"line":31,"column":null}},"loc":{"start":{"line":31,"column":4},"end":{"line":34,"column":5}}},"6":{"name":"(anonymous_6)","decl":{"start":{"line":36,"column":11},"end":{"line":36,"column":22}},"loc":{"start":{"line":36,"column":22},"end":{"line":38,"column":5}}},"7":{"name":"(anonymous_7)","decl":{"start":{"line":40,"column":11},"end":{"line":40,"column":22}},"loc":{"start":{"line":40,"column":39},"end":{"line":42,"column":5}}}},"branchMap":{},"s":{"0":12,"1":12,"2":4,"3":3,"4":0,"5":2,"6":1,"7":5,"8":5,"9":1,"10":1,"11":1},"f":{"0":12,"1":4,"2":3,"3":0,"4":2,"5":5,"6":1,"7":1},"b":{}}
,"/Users/juyeop/Desktop/Juyeop/knumarket/knumarket-auth-server/src/test/lib/helper.ts": {"path":"/Users/juyeop/Desktop/Juyeop/knumarket/knumarket-auth-server/src/test/lib/helper.ts","statementMap":{"0":{"start":{"line":1,"column":0},"end":{"line":1,"column":53}},"1":{"start":{"line":2,"column":0},"end":{"line":2,"column":28}},"2":{"start":{"line":6,"column":14},"end":{"line":8,"column":4}},"3":{"start":{"line":9,"column":2},"end":{"line":9,"column":25}},"4":{"start":{"line":5,"column":0},"end":{"line":5,"column":16}},"5":{"start":{"line":13,"column":15},"end":{"line":13,"column":23}},"6":{"start":{"line":14,"column":2},"end":{"line":14,"column":34}},"7":{"start":{"line":15,"column":2},"end":{"line":15,"column":39}},"8":{"start":{"line":16,"column":2},"end":{"line":16,"column":32}},"9":{"start":{"line":12,"column":0},"end":{"line":12,"column":16}},"10":{"start":{"line":20,"column":15},"end":{"line":20,"column":23}},"11":{"start":{"line":21,"column":2},"end":{"line":21,"column":35}},"12":{"start":{"line":22,"column":2},"end":{"line":22,"column":35}},"13":{"start":{"line":23,"column":2},"end":{"line":23,"column":36}},"14":{"start":{"line":19,"column":0},"end":{"line":19,"column":16}},"15":{"start":{"line":30,"column":2},"end":{"line":32,"column":4}},"16":{"start":{"line":31,"column":4},"end":{"line":31,"column":45}},"17":{"start":{"line":26,"column":0},"end":{"line":26,"column":16}},"18":{"start":{"line":36,"column":16},"end":{"line":36,"column":30}},"19":{"start":{"line":37,"column":2},"end":{"line":39,"column":4}},"20":{"start":{"line":35,"column":0},"end":{"line":35,"column":16}},"21":{"start":{"line":43,"column":14},"end":{"line":43,"column":47}},"22":{"start":{"line":45,"column":2},"end":{"line":45,"column":29}},"23":{"start":{"line":42,"column":0},"end":{"line":42,"column":22}},"24":{"start":{"line":49,"column":4},"end":{"line":51,"column":null}},"25":{"start":{"line":50,"column":6},"end":{"line":50,"column":50}},"26":{"start":{"line":52,"column":4},"end":{"line":52,"column":15}},"27":{"start":{"line":48,"column":0},"end":{"line":48,"column":16}}},"fnMap":{"0":{"name":"getServer","decl":{"start":{"line":5,"column":16},"end":{"line":5,"column":25}},"loc":{"start":{"line":5,"column":25},"end":{"line":10,"column":1}}},"1":{"name":"expectResponseSucceed","decl":{"start":{"line":12,"column":16},"end":{"line":12,"column":37}},"loc":{"start":{"line":12,"column":41},"end":{"line":17,"column":1}}},"2":{"name":"expectResponseFailed","decl":{"start":{"line":19,"column":16},"end":{"line":19,"column":36}},"loc":{"start":{"line":19,"column":40},"end":{"line":24,"column":1}}},"3":{"name":"withHeadersBy","decl":{"start":{"line":26,"column":16},"end":{"line":26,"column":29}},"loc":{"start":{"line":28,"column":10},"end":{"line":33,"column":1}}},"4":{"name":"withHeaders","decl":{"start":{"line":30,"column":18},"end":{"line":30,"column":29}},"loc":{"start":{"line":30,"column":33},"end":{"line":32,"column":3}}},"5":{"name":"getHeadersFrom","decl":{"start":{"line":35,"column":16},"end":{"line":35,"column":30}},"loc":{"start":{"line":35,"column":44},"end":{"line":40,"column":1}}},"6":{"name":"fetchHeaders","decl":{"start":{"line":42,"column":22},"end":{"line":42,"column":34}},"loc":{"start":{"line":42,"column":38},"end":{"line":46,"column":null}}},"7":{"name":"setHeaders","decl":{"start":{"line":48,"column":16},"end":{"line":48,"column":26}},"loc":{"start":{"line":48,"column":48},"end":{"line":53,"column":1}}}},"branchMap":{"0":{"loc":{"start":{"line":36,"column":16},"end":{"line":36,"column":30}},"type":"cond-expr","locations":[{"start":{"line":36,"column":23},"end":{"line":36,"column":25}},{"start":{"line":36,"column":16},"end":{"line":36,"column":30}}]},"1":{"loc":{"start":{"line":36,"column":16},"end":{"line":36,"column":25}},"type":"binary-expr","locations":[{"start":{"line":36,"column":16},"end":{"line":36,"column":25}},{"start":{"line":36,"column":16},"end":{"line":36,"column":25}}]},"2":{"loc":{"start":{"line":49,"column":4},"end":{"line":51,"column":null}},"type":"if","locations":[{"start":{"line":49,"column":4},"end":{"line":51,"column":null}}]},"3":{"loc":{"start":{"line":49,"column":8},"end":{"line":49,"column":82}},"type":"binary-expr","locations":[{"start":{"line":49,"column":8},"end":{"line":49,"column":21}},{"start":{"line":49,"column":25},"end":{"line":49,"column":82}}]},"4":{"loc":{"start":{"line":49,"column":27},"end":{"line":49,"column":81}},"type":"binary-expr","locations":[{"start":{"line":49,"column":27},"end":{"line":49,"column":63}},{"start":{"line":49,"column":67},"end":{"line":49,"column":81}}]}},"s":{"0":1,"1":1,"2":1,"3":1,"4":1,"5":2,"6":2,"7":2,"8":2,"9":1,"10":7,"11":7,"12":7,"13":7,"14":1,"15":16,"16":19,"17":1,"18":16,"19":16,"20":1,"21":16,"22":16,"23":1,"24":19,"25":0,"26":19,"27":1},"f":{"0":1,"1":2,"2":7,"3":16,"4":19,"5":16,"6":16,"7":19},"b":{"0":[16,0],"1":[16,16],"2":[0],"3":[19,0],"4":[0,0]}}
}
