TN:
SF:ormconfig.ts
FNF:0
FNH:0
DA:1,2
DA:3,2
LF:2
LH:2
BRF:0
BRH:0
end_of_record
TN:
SF:src/app.ts
FN:13,(anonymous_7)
FN:21,(anonymous_8)
FN:27,(anonymous_9)
FN:31,(anonymous_10)
FN:34,(anonymous_11)
FN:36,(anonymous_12)
FN:43,(anonymous_13)
FN:45,(anonymous_14)
FN:50,(anonymous_15)
FNF:9
FNH:7
FNDA:2,(anonymous_7)
FNDA:2,(anonymous_8)
FNDA:2,(anonymous_9)
FNDA:2,(anonymous_10)
FNDA:29,(anonymous_11)
FNDA:8,(anonymous_12)
FNDA:0,(anonymous_13)
FNDA:0,(anonymous_14)
FNDA:2,(anonymous_15)
DA:1,2
DA:2,2
DA:4,2
DA:6,2
DA:7,2
DA:14,2
DA:16,2
DA:17,2
DA:18,2
DA:22,2
DA:23,2
DA:24,2
DA:28,2
DA:32,2
DA:34,29
DA:36,2
DA:37,8
DA:40,2
DA:44,0
DA:45,0
DA:46,0
DA:51,2
DA:55,2
LF:23
LH:20
BRDA:44,0,0,0
BRDA:44,0,1,0
BRF:2
BRH:0
end_of_record
TN:
SF:src/config.ts
FNF:0
FNH:0
DA:1,2
DA:2,2
DA:4,2
DA:5,2
DA:8,2
DA:9,2
DA:10,2
DA:11,2
DA:14,2
DA:15,2
DA:16,2
DA:17,2
DA:18,2
LF:13
LH:13
BRF:0
BRH:0
end_of_record
TN:
SF:src/api/image/image.con.ts
FN:15,(anonymous_7)
FN:30,(anonymous_8)
FN:30,(anonymous_9)
FN:40,(anonymous_10)
FN:40,(anonymous_11)
FN:20,(anonymous_12)
FNF:6
FNH:6
FNDA:2,(anonymous_7)
FNDA:1,(anonymous_8)
FNDA:1,(anonymous_9)
FNDA:1,(anonymous_10)
FNDA:1,(anonymous_11)
FNDA:2,(anonymous_12)
DA:2,2
DA:4,2
DA:5,2
DA:6,2
DA:7,2
DA:9,2
DA:11,2
DA:12,2
DA:16,2
DA:17,2
DA:21,2
DA:23,2
DA:27,2
DA:30,2
DA:31,1
DA:40,2
DA:41,1
DA:43,1
DA:45,1
LF:19
LH:19
BRF:0
BRH:0
end_of_record
TN:
SF:src/api/image/image.repo.ts
FN:6,(anonymous_8)
FN:7,(anonymous_9)
FN:7,(anonymous_10)
FNF:3
FNH:1
FNDA:2,(anonymous_8)
FNDA:0,(anonymous_9)
FNDA:0,(anonymous_10)
DA:1,2
DA:2,2
DA:6,2
DA:7,2
DA:8,0
LF:5
LH:4
BRF:0
BRH:0
end_of_record
TN:
SF:src/api/image/image.serv.ts
FN:8,(anonymous_7)
FN:12,(anonymous_8)
FN:12,(anonymous_9)
FN:16,(anonymous_10)
FN:16,(anonymous_11)
FN:21,(anonymous_12)
FN:26,(anonymous_13)
FN:26,(anonymous_14)
FN:29,(anonymous_15)
FNF:9
FNH:3
FNDA:2,(anonymous_7)
FNDA:1,(anonymous_8)
FNDA:1,(anonymous_9)
FNDA:0,(anonymous_10)
FNDA:0,(anonymous_11)
FNDA:0,(anonymous_12)
FNDA:0,(anonymous_13)
FNDA:0,(anonymous_14)
FNDA:0,(anonymous_15)
DA:2,2
DA:3,2
DA:5,2
DA:9,2
DA:12,2
DA:13,1
DA:16,2
DA:19,0
DA:21,0
DA:22,0
DA:26,2
DA:27,0
DA:29,0
DA:30,0
DA:32,0
DA:33,0
DA:34,0
DA:37,0
LF:18
LH:8
BRF:0
BRH:0
end_of_record
TN:
SF:src/api/post/post.con.ts
FN:27,(anonymous_7)
FN:67,(anonymous_8)
FN:67,(anonymous_9)
FN:92,(anonymous_10)
FN:92,(anonymous_11)
FN:107,(anonymous_12)
FN:107,(anonymous_13)
FN:117,(anonymous_14)
FN:117,(anonymous_15)
FN:132,(anonymous_16)
FN:132,(anonymous_17)
FN:148,(anonymous_18)
FN:148,(anonymous_19)
FN:40,(anonymous_20)
FNF:14
FNH:2
FNDA:2,(anonymous_7)
FNDA:0,(anonymous_8)
FNDA:0,(anonymous_9)
FNDA:0,(anonymous_10)
FNDA:0,(anonymous_11)
FNDA:0,(anonymous_12)
FNDA:0,(anonymous_13)
FNDA:0,(anonymous_14)
FNDA:0,(anonymous_15)
FNDA:0,(anonymous_16)
FNDA:0,(anonymous_17)
FNDA:0,(anonymous_18)
FNDA:0,(anonymous_19)
FNDA:2,(anonymous_20)
DA:2,2
DA:3,2
DA:4,2
DA:14,2
DA:16,2
DA:18,2
DA:20,2
DA:21,2
DA:33,2
DA:34,2
DA:35,2
DA:36,2
DA:37,2
DA:41,2
DA:43,2
DA:64,2
DA:67,2
DA:68,0
DA:69,0
DA:70,0
DA:71,0
DA:76,0
DA:77,0
DA:79,0
DA:86,0
DA:92,2
DA:93,0
DA:96,0
DA:98,0
DA:107,2
DA:108,0
DA:109,0
DA:111,0
DA:117,2
DA:118,0
DA:119,0
DA:121,0
DA:123,0
DA:132,2
DA:133,0
DA:134,0
DA:135,0
DA:137,0
DA:142,0
DA:148,2
DA:149,0
DA:151,0
DA:153,0
DA:154,0
DA:156,0
LF:50
LH:22
BRDA:102,0,0,0
BRDA:102,0,1,0
BRDA:127,1,0,0
BRDA:127,1,1,0
BRF:4
BRH:0
end_of_record
TN:
SF:src/api/post/post.repo.ts
FN:11,(anonymous_8)
FN:13,(anonymous_9)
FN:37,(anonymous_10)
FN:37,(anonymous_11)
FN:51,(anonymous_12)
FN:51,(anonymous_13)
FN:56,(anonymous_14)
FN:56,(anonymous_15)
FN:60,(anonymous_16)
FN:60,(anonymous_17)
FN:64,(anonymous_18)
FN:64,(anonymous_19)
FN:77,(anonymous_20)
FN:77,(anonymous_21)
FNF:14
FNH:1
FNDA:2,(anonymous_8)
FNDA:0,(anonymous_9)
FNDA:0,(anonymous_10)
FNDA:0,(anonymous_11)
FNDA:0,(anonymous_12)
FNDA:0,(anonymous_13)
FNDA:0,(anonymous_14)
FNDA:0,(anonymous_15)
FNDA:0,(anonymous_16)
FNDA:0,(anonymous_17)
FNDA:0,(anonymous_18)
FNDA:0,(anonymous_19)
FNDA:0,(anonymous_20)
FNDA:0,(anonymous_21)
DA:1,2
DA:3,2
DA:11,2
DA:13,2
DA:14,0
DA:22,0
DA:23,0
DA:26,0
DA:27,0
DA:34,0
DA:37,2
DA:38,0
DA:40,0
DA:41,0
DA:42,0
DA:43,0
DA:44,0
DA:45,0
DA:46,0
DA:48,0
DA:51,2
DA:52,0
DA:53,0
DA:56,2
DA:57,0
DA:60,2
DA:61,0
DA:64,2
DA:65,0
DA:67,0
DA:68,0
DA:69,0
DA:70,0
DA:71,0
DA:72,0
DA:74,0
DA:77,2
DA:78,0
LF:38
LH:10
BRDA:22,0,0,0
BRDA:26,1,0,0
BRF:2
BRH:0
end_of_record
TN:
SF:src/api/post/post.serv.ts
FN:24,(anonymous_7)
FN:29,(anonymous_8)
FN:29,(anonymous_9)
FN:36,(anonymous_10)
FN:36,(anonymous_11)
FN:40,(anonymous_12)
FN:40,(anonymous_13)
FN:44,(anonymous_14)
FN:44,(anonymous_15)
FN:48,(anonymous_16)
FN:48,(anonymous_17)
FN:52,(anonymous_18)
FN:52,(anonymous_19)
FNF:13
FNH:1
FNDA:2,(anonymous_7)
FNDA:0,(anonymous_8)
FNDA:0,(anonymous_9)
FNDA:0,(anonymous_10)
FNDA:0,(anonymous_11)
FNDA:0,(anonymous_12)
FNDA:0,(anonymous_13)
FNDA:0,(anonymous_14)
FNDA:0,(anonymous_15)
FNDA:0,(anonymous_16)
FNDA:0,(anonymous_17)
FNDA:0,(anonymous_18)
FNDA:0,(anonymous_19)
DA:19,2
DA:25,2
DA:26,2
DA:29,2
DA:30,0
DA:31,0
DA:33,0
DA:36,2
DA:37,0
DA:40,2
DA:41,0
DA:44,2
DA:45,0
DA:48,2
DA:49,0
DA:52,2
DA:53,0
LF:17
LH:9
BRF:0
BRH:0
end_of_record
TN:
SF:src/api/post_room/post-room.con.ts
FN:18,(anonymous_7)
FN:34,(anonymous_8)
FN:34,(anonymous_9)
FN:44,(anonymous_10)
FN:44,(anonymous_11)
FN:56,(anonymous_12)
FN:56,(anonymous_13)
FN:23,(anonymous_14)
FNF:8
FNH:2
FNDA:2,(anonymous_7)
FNDA:0,(anonymous_8)
FNDA:0,(anonymous_9)
FNDA:0,(anonymous_10)
FNDA:0,(anonymous_11)
FNDA:0,(anonymous_12)
FNDA:0,(anonymous_13)
FNDA:2,(anonymous_14)
DA:2,2
DA:3,2
DA:4,2
DA:8,2
DA:9,2
DA:12,2
DA:14,2
DA:15,2
DA:19,2
DA:20,2
DA:24,2
DA:26,2
DA:31,2
DA:34,2
DA:35,0
DA:36,0
DA:38,0
DA:44,2
DA:45,0
DA:46,0
DA:48,0
DA:50,0
DA:56,2
DA:57,0
DA:58,0
DA:60,0
DA:62,0
LF:27
LH:16
BRF:0
BRH:0
end_of_record
TN:
SF:src/api/post_room/post-room.repo.ts
FNF:0
FNH:0
DA:1,2
DA:2,2
DA:7,2
LF:3
LH:3
BRF:0
BRH:0
end_of_record
TN:
SF:src/api/post_room/post-room.serv.ts
FN:13,(anonymous_7)
FN:18,(anonymous_8)
FN:18,(anonymous_9)
FN:37,(anonymous_10)
FN:37,(anonymous_11)
FN:57,(anonymous_12)
FN:57,(anonymous_13)
FN:74,(anonymous_14)
FN:81,(anonymous_15)
FN:81,(anonymous_16)
FNF:10
FNH:1
FNDA:2,(anonymous_7)
FNDA:0,(anonymous_8)
FNDA:0,(anonymous_9)
FNDA:0,(anonymous_10)
FNDA:0,(anonymous_11)
FNDA:0,(anonymous_12)
FNDA:0,(anonymous_13)
FNDA:0,(anonymous_14)
FNDA:0,(anonymous_15)
FNDA:0,(anonymous_16)
DA:2,2
DA:8,2
DA:14,2
DA:15,2
DA:18,2
DA:19,0
DA:21,0
DA:22,0
DA:25,0
DA:26,0
DA:27,0
DA:30,0
DA:31,0
DA:34,0
DA:37,2
DA:38,0
DA:40,0
DA:41,0
DA:44,0
DA:48,0
DA:49,0
DA:52,0
DA:54,0
DA:57,2
DA:58,0
DA:60,0
DA:61,0
DA:64,0
DA:68,0
DA:69,0
DA:74,0
DA:75,0
DA:78,0
DA:81,2
DA:82,0
DA:83,0
DA:85,0
DA:86,0
DA:89,0
LF:39
LH:8
BRDA:21,0,0,0
BRDA:30,1,0,0
BRDA:40,2,0,0
BRDA:48,3,0,0
BRDA:60,4,0,0
BRDA:68,5,0,0
BRDA:85,6,0,0
BRF:7
BRH:0
end_of_record
TN:
SF:src/api/user/user.con.ts
FN:16,(anonymous_7)
FN:44,(anonymous_8)
FN:44,(anonymous_9)
FN:53,(anonymous_10)
FN:53,(anonymous_11)
FN:66,(anonymous_12)
FN:66,(anonymous_13)
FN:80,(anonymous_14)
FN:80,(anonymous_15)
FN:92,(anonymous_16)
FN:92,(anonymous_17)
FN:103,(anonymous_18)
FN:103,(anonymous_19)
FN:21,(anonymous_20)
FNF:14
FNH:14
FNDA:2,(anonymous_7)
FNDA:3,(anonymous_8)
FNDA:3,(anonymous_9)
FNDA:8,(anonymous_10)
FNDA:8,(anonymous_11)
FNDA:1,(anonymous_12)
FNDA:1,(anonymous_13)
FNDA:1,(anonymous_14)
FNDA:1,(anonymous_15)
FNDA:1,(anonymous_16)
FNDA:1,(anonymous_17)
FNDA:1,(anonymous_18)
FNDA:1,(anonymous_19)
FNDA:2,(anonymous_20)
DA:2,2
DA:5,2
DA:6,2
DA:7,2
DA:8,2
DA:10,2
DA:12,2
DA:13,2
DA:17,2
DA:18,2
DA:22,2
DA:24,2
DA:41,2
DA:44,3
DA:45,3
DA:47,2
DA:53,8
DA:54,8
DA:55,8
DA:57,7
DA:66,2
DA:67,1
DA:68,1
DA:70,1
DA:80,2
DA:81,1
DA:82,1
DA:84,1
DA:86,1
DA:92,2
DA:93,1
DA:95,1
DA:97,1
DA:103,2
DA:104,1
DA:105,1
DA:107,1
LF:37
LH:37
BRF:0
BRH:0
end_of_record
TN:
SF:src/api/user/user.repo.ts
FN:7,(anonymous_8)
FN:9,(anonymous_9)
FN:9,(anonymous_10)
FN:27,(anonymous_11)
FN:27,(anonymous_12)
FN:36,(anonymous_13)
FN:36,(anonymous_14)
FN:19,(anonymous_15)
FNF:8
FNH:6
FNDA:2,(anonymous_8)
FNDA:3,(anonymous_9)
FNDA:3,(anonymous_10)
FNDA:0,(anonymous_11)
FNDA:0,(anonymous_12)
FNDA:8,(anonymous_13)
FNDA:8,(anonymous_14)
FNDA:1,(anonymous_15)
DA:1,2
DA:2,2
DA:4,2
DA:7,2
DA:9,3
DA:10,3
DA:16,3
DA:20,1
DA:27,2
DA:28,0
DA:36,8
DA:37,8
LF:12
LH:11
BRF:0
BRH:0
end_of_record
TN:
SF:src/api/user/user.serv.ts
FN:16,(anonymous_8)
FN:20,(anonymous_9)
FN:27,(anonymous_10)
FN:27,(anonymous_11)
FN:31,(anonymous_12)
FN:31,(anonymous_13)
FN:38,(anonymous_14)
FN:38,(anonymous_15)
FN:58,(anonymous_16)
FN:58,(anonymous_17)
FN:74,(anonymous_18)
FN:74,(anonymous_19)
FN:82,(anonymous_20)
FN:86,(anonymous_21)
FN:86,(anonymous_22)
FN:93,(anonymous_23)
FN:93,(anonymous_24)
FN:103,(anonymous_25)
FN:103,(anonymous_26)
FN:111,(anonymous_27)
FN:111,(anonymous_28)
FN:125,(anonymous_29)
FN:125,(anonymous_30)
FNF:23
FNH:21
FNDA:2,(anonymous_8)
FNDA:10,(anonymous_9)
FNDA:3,(anonymous_10)
FNDA:3,(anonymous_11)
FNDA:8,(anonymous_12)
FNDA:8,(anonymous_13)
FNDA:3,(anonymous_14)
FNDA:3,(anonymous_15)
FNDA:8,(anonymous_16)
FNDA:8,(anonymous_17)
FNDA:0,(anonymous_18)
FNDA:0,(anonymous_19)
FNDA:7,(anonymous_20)
FNDA:1,(anonymous_21)
FNDA:1,(anonymous_22)
FNDA:1,(anonymous_23)
FNDA:1,(anonymous_24)
FNDA:1,(anonymous_25)
FNDA:1,(anonymous_26)
FNDA:1,(anonymous_27)
FNDA:1,(anonymous_28)
FNDA:1,(anonymous_29)
FNDA:1,(anonymous_30)
DA:1,2
DA:2,2
DA:3,2
DA:7,2
DA:8,2
DA:9,2
DA:10,2
DA:12,2
DA:17,2
DA:20,2
DA:21,10
DA:27,3
DA:28,3
DA:31,8
DA:32,8
DA:33,8
DA:35,8
DA:38,3
DA:39,3
DA:41,3
DA:42,1
DA:45,2
DA:46,2
DA:48,2
DA:50,2
DA:51,2
DA:52,2
DA:53,2
DA:55,2
DA:58,8
DA:59,8
DA:60,8
DA:62,8
DA:63,1
DA:66,7
DA:67,7
DA:69,7
DA:71,7
DA:74,2
DA:75,0
DA:77,0
DA:79,0
DA:82,2
DA:83,7
DA:86,2
DA:87,1
DA:89,1
DA:90,1
DA:93,2
DA:94,1
DA:96,1
DA:98,1
DA:100,1
DA:103,2
DA:104,1
DA:106,1
DA:108,1
DA:111,2
DA:112,1
DA:114,1
DA:115,0
DA:118,1
DA:122,1
DA:125,2
DA:126,1
DA:128,1
DA:129,0
LF:67
LH:62
BRDA:22,0,0,10
BRDA:22,0,1,10
BRDA:41,1,0,1
BRDA:62,2,0,1
BRDA:77,3,0,0
BRDA:89,4,0,0
BRDA:96,5,0,0
BRDA:106,6,0,0
BRDA:114,7,0,0
BRDA:128,8,0,1
BRF:10
BRH:5
end_of_record
TN:
SF:src/common/exceptions/bad-request.exception.ts
FN:6,(anonymous_0)
FNF:1
FNH:1
FNDA:12,(anonymous_0)
DA:2,2
DA:4,2
DA:7,12
DA:8,6
DA:10,6
DA:11,6
LF:6
LH:6
BRDA:7,0,0,6
BRDA:7,0,1,6
BRF:2
BRH:2
end_of_record
TN:
SF:src/common/exceptions/conflict.exception.ts
FN:4,(anonymous_0)
FNF:1
FNH:1
FNDA:1,(anonymous_0)
DA:1,2
DA:3,2
DA:5,1
LF:3
LH:3
BRDA:4,0,0,0
BRF:1
BRH:0
end_of_record
TN:
SF:src/common/exceptions/http.exception.ts
FN:5,(anonymous_0)
FN:13,(anonymous_1)
FN:17,(anonymous_2)
FNF:3
FNH:1
FNDA:20,(anonymous_0)
FNDA:0,(anonymous_1)
FNDA:0,(anonymous_2)
DA:1,2
DA:6,20
DA:8,20
DA:9,20
DA:10,20
DA:14,0
DA:18,0
LF:7
LH:5
BRF:0
BRH:0
end_of_record
TN:
SF:src/common/exceptions/index.ts
FNF:0
FNH:0
DA:1,2
DA:2,2
DA:3,2
DA:4,2
LF:4
LH:4
BRF:0
BRH:0
end_of_record
TN:
SF:src/common/exceptions/not-found.exception.ts
FN:4,(anonymous_0)
FNF:1
FNH:0
FNDA:0,(anonymous_0)
DA:1,2
DA:3,2
DA:5,0
LF:3
LH:2
BRDA:4,0,0,0
BRF:1
BRH:0
end_of_record
TN:
SF:src/common/exceptions/server.exception.ts
FN:4,(anonymous_0)
FNF:1
FNH:0
FNDA:0,(anonymous_0)
DA:1,2
DA:3,2
DA:5,0
LF:3
LH:2
BRDA:4,0,0,0
BRF:1
BRH:0
end_of_record
TN:
SF:src/common/exceptions/unauthorized.exception.ts
FN:4,(anonymous_0)
FNF:1
FNH:1
FNDA:7,(anonymous_0)
DA:1,2
DA:3,2
DA:5,7
LF:3
LH:3
BRDA:4,0,0,0
BRF:1
BRH:0
end_of_record
TN:
SF:src/entity/Image.ts
FN:16,(anonymous_2)
FN:16,(anonymous_3)
FN:21,(anonymous_4)
FNF:3
FNH:3
FNDA:2,(anonymous_2)
FNDA:2,(anonymous_3)
FNDA:4,(anonymous_4)
DA:1,2
DA:2,2
DA:5,2
DA:8,2
DA:11,2
DA:14,2
DA:16,2
DA:19,2
DA:21,4
DA:22,2
LF:10
LH:10
BRF:0
BRH:0
end_of_record
TN:
SF:src/entity/Post.ts
FN:27,(anonymous_2)
FN:34,(anonymous_3)
FN:34,(anonymous_4)
FN:40,(anonymous_5)
FN:40,(anonymous_6)
FN:46,(anonymous_7)
FN:49,(anonymous_8)
FNF:7
FNH:7
FNDA:2,(anonymous_2)
FNDA:2,(anonymous_3)
FNDA:2,(anonymous_4)
FNDA:2,(anonymous_5)
FNDA:2,(anonymous_6)
FNDA:4,(anonymous_7)
FNDA:4,(anonymous_8)
DA:1,2
DA:2,2
DA:3,2
DA:4,2
DA:7,2
DA:10,2
DA:13,2
DA:16,2
DA:19,2
DA:22,2
DA:25,2
DA:27,2
DA:32,2
DA:34,2
DA:38,2
DA:40,2
DA:44,2
DA:46,4
DA:47,2
DA:49,4
DA:50,2
LF:21
LH:21
BRF:0
BRH:0
end_of_record
TN:
SF:src/entity/PostRoom.ts
FN:21,(anonymous_2)
FN:21,(anonymous_3)
FN:27,(anonymous_4)
FN:30,(anonymous_5)
FNF:4
FNH:4
FNDA:2,(anonymous_2)
FNDA:2,(anonymous_3)
FNDA:4,(anonymous_4)
FNDA:4,(anonymous_5)
DA:1,2
DA:2,2
DA:5,2
DA:8,2
DA:11,2
DA:14,2
DA:19,2
DA:21,2
DA:25,2
DA:27,4
DA:28,2
DA:30,4
DA:31,2
LF:13
LH:13
BRF:0
BRH:0
end_of_record
TN:
SF:src/entity/User.ts
FN:26,(anonymous_2)
FN:26,(anonymous_3)
FN:31,(anonymous_4)
FN:31,(anonymous_5)
FN:36,(anonymous_6)
FN:39,(anonymous_7)
FNF:6
FNH:6
FNDA:2,(anonymous_2)
FNDA:2,(anonymous_3)
FNDA:2,(anonymous_4)
FNDA:2,(anonymous_5)
FNDA:4,(anonymous_6)
FNDA:4,(anonymous_7)
DA:1,2
DA:2,2
DA:3,2
DA:4,2
DA:7,2
DA:10,2
DA:15,2
DA:18,2
DA:21,2
DA:24,2
DA:26,2
DA:29,2
DA:31,2
DA:34,2
DA:36,4
DA:37,2
DA:39,4
DA:40,2
DA:43,2
LF:19
LH:19
BRF:0
BRH:0
end_of_record
TN:
SF:src/lib/database.ts
FN:8,(anonymous_7)
FN:8,(anonymous_8)
FN:14,(anonymous_9)
FN:21,(anonymous_10)
FN:21,(anonymous_11)
FNF:5
FNH:4
FNDA:2,(anonymous_7)
FNDA:2,(anonymous_8)
FNDA:0,(anonymous_9)
FNDA:2,(anonymous_10)
FNDA:2,(anonymous_11)
DA:1,2
DA:2,2
DA:3,2
DA:8,2
DA:10,2
DA:12,2
DA:14,2
DA:16,2
DA:18,2
DA:21,2
DA:22,2
DA:23,2
DA:25,2
DA:26,2
LF:14
LH:14
BRDA:22,0,0,2
BRDA:25,1,0,2
BRF:2
BRH:2
end_of_record
TN:
SF:src/lib/jwt.ts
FN:4,(anonymous_6)
FN:12,(anonymous_7)
FNF:2
FNH:2
FNDA:15,(anonymous_6)
FNDA:13,(anonymous_7)
DA:1,2
DA:2,2
DA:4,2
DA:5,15
DA:12,2
DA:13,13
LF:6
LH:6
BRF:0
BRH:0
end_of_record
TN:
SF:src/lib/multer-s3.ts
FN:12,(anonymous_1)
FN:16,(anonymous_2)
FN:26,(anonymous_3)
FN:29,(anonymous_4)
FN:32,(anonymous_5)
FNF:5
FNH:5
FNDA:1,(anonymous_1)
FNDA:1,(anonymous_2)
FNDA:1,(anonymous_3)
FNDA:1,(anonymous_4)
FNDA:1,(anonymous_5)
DA:1,2
DA:2,2
DA:3,2
DA:4,2
DA:6,2
DA:12,2
DA:13,1
DA:17,1
DA:18,1
DA:22,2
DA:27,1
DA:30,1
DA:33,1
LF:13
LH:13
BRDA:17,0,0,0
BRDA:17,0,1,1
BRF:2
BRH:1
end_of_record
TN:
SF:src/lib/redis.ts
FN:3,(anonymous_7)
FN:7,(anonymous_8)
FN:7,(anonymous_9)
FNF:3
FNH:3
FNDA:7,(anonymous_7)
FNDA:1,(anonymous_8)
FNDA:1,(anonymous_9)
DA:1,2
DA:3,2
DA:4,7
DA:7,2
DA:8,1
LF:5
LH:5
BRF:0
BRH:0
end_of_record
TN:
SF:src/lib/req-handler.ts
FN:3,(anonymous_7)
FN:4,(anonymous_8)
FN:4,(anonymous_9)
FNF:3
FNH:3
FNDA:34,(anonymous_7)
FNDA:17,(anonymous_8)
FNDA:17,(anonymous_9)
DA:3,2
DA:4,34
DA:5,17
DA:6,17
DA:8,15
DA:14,2
LF:6
LH:6
BRF:0
BRH:0
end_of_record
TN:
SF:src/middlewares/auth.middleware.ts
FN:5,(anonymous_0)
FNF:1
FNH:1
FNDA:18,(anonymous_0)
DA:2,2
DA:3,2
DA:5,2
DA:6,18
DA:8,18
DA:9,12
DA:10,12
DA:11,12
DA:13,6
DA:14,6
DA:16,6
DA:19,6
LF:12
LH:12
BRDA:8,0,0,12
BRDA:8,0,1,6
BRF:2
BRH:2
end_of_record
TN:
SF:src/middlewares/error.middleware.ts
FN:4,(anonymous_0)
FNF:1
FNH:1
FNDA:20,(anonymous_0)
DA:4,2
DA:5,20
DA:6,20
DA:16,0
LF:4
LH:3
BRDA:5,0,0,20
BRDA:5,0,1,0
BRDA:12,1,0,20
BRDA:12,1,1,0
BRF:4
BRH:2
end_of_record
TN:
SF:src/middlewares/image.middleware.ts
FN:5,(anonymous_0)
FNF:1
FNH:1
FNDA:1,(anonymous_0)
DA:2,2
DA:5,2
DA:6,1
DA:7,1
DA:9,0
LF:5
LH:4
BRDA:6,0,0,1
BRDA:6,0,1,0
BRF:2
BRH:1
end_of_record
TN:
SF:src/middlewares/validation.middleware.ts
FN:5,(anonymous_7)
FN:5,(anonymous_8)
FN:9,(anonymous_9)
FNF:3
FNH:3
FNDA:20,(anonymous_7)
FNDA:20,(anonymous_8)
FNDA:6,(anonymous_9)
DA:2,2
DA:3,2
DA:5,20
DA:6,20
DA:8,20
DA:9,6
DA:10,6
DA:16,6
DA:18,6
DA:20,14
LF:10
LH:10
BRDA:8,0,0,6
BRDA:8,0,1,14
BRF:2
BRH:2
end_of_record
TN:
SF:src/test/lib/fake-data.ts
FN:5,(anonymous_0)
FN:10,(anonymous_1)
FN:14,(anonymous_2)
FN:18,(anonymous_3)
FN:22,(anonymous_4)
FN:31,(anonymous_5)
FN:36,(anonymous_6)
FN:40,(anonymous_7)
FNF:8
FNH:7
FNDA:16,(anonymous_0)
FNDA:1,(anonymous_1)
FNDA:3,(anonymous_2)
FNDA:0,(anonymous_3)
FNDA:2,(anonymous_4)
FNDA:6,(anonymous_5)
FNDA:1,(anonymous_6)
FNDA:1,(anonymous_7)
DA:1,2
DA:6,16
DA:7,16
DA:11,1
DA:15,3
DA:19,0
DA:23,2
DA:28,2
DA:32,6
DA:33,6
DA:37,1
DA:41,1
LF:12
LH:11
BRF:0
BRH:0
end_of_record
TN:
SF:src/test/lib/helper.ts
FN:17,getServer
FN:44,expectResponseSucceed
FN:51,expectResponseFailed
FN:58,withHeadersBy
FN:62,withHeaders
FN:67,getHeadersFrom
FN:74,fetchHeaders
FN:80,setHeaders
FNF:8
FNH:8
FNDA:2,getServer
FNDA:6,expectResponseSucceed
FNDA:7,expectResponseFailed
FNDA:29,withHeadersBy
FNDA:35,withHeaders
FNDA:29,getHeadersFrom
FNDA:29,fetchHeaders
FNDA:35,setHeaders
DA:2,2
DA:3,2
DA:4,2
DA:5,2
DA:6,2
DA:7,2
DA:8,2
DA:9,2
DA:10,2
DA:11,2
DA:12,2
DA:13,2
DA:14,2
DA:17,2
DA:18,2
DA:19,2
DA:20,2
DA:21,2
DA:23,2
DA:24,2
DA:25,2
DA:26,2
DA:28,2
DA:35,2
DA:44,2
DA:45,6
DA:46,6
DA:47,6
DA:48,6
DA:51,2
DA:52,7
DA:53,7
DA:54,7
DA:55,7
DA:58,2
DA:62,29
DA:63,35
DA:67,2
DA:68,29
DA:69,29
DA:74,2
DA:75,29
DA:77,29
DA:80,2
DA:81,35
DA:82,0
DA:84,35
LF:47
LH:46
BRDA:68,0,0,29
BRDA:68,0,1,0
BRDA:68,1,0,29
BRDA:68,1,1,29
BRDA:81,2,0,0
BRDA:81,3,0,35
BRDA:81,3,1,0
BRDA:81,4,0,0
BRDA:81,4,1,0
BRF:9
BRH:4
end_of_record
