TN:
SF:ormconfig.ts
FNF:0
FNH:0
DA:1,1
DA:3,1
LF:2
LH:2
BRF:0
BRH:0
end_of_record
TN:
SF:src/app.ts
FN:12,(anonymous_7)
FN:20,(anonymous_8)
FN:27,(anonymous_9)
FN:31,(anonymous_10)
FN:34,(anonymous_11)
FN:36,(anonymous_12)
FN:43,(anonymous_13)
FN:45,(anonymous_14)
FN:50,(anonymous_15)
FNF:9
FNH:7
FNDA:1,(anonymous_7)
FNDA:1,(anonymous_8)
FNDA:1,(anonymous_9)
FNDA:1,(anonymous_10)
FNDA:16,(anonymous_11)
FNDA:1,(anonymous_12)
FNDA:0,(anonymous_13)
FNDA:0,(anonymous_14)
FNDA:1,(anonymous_15)
DA:1,1
DA:2,1
DA:4,1
DA:6,1
DA:7,1
DA:13,1
DA:15,1
DA:16,1
DA:17,1
DA:21,1
DA:22,1
DA:24,1
DA:28,1
DA:32,1
DA:34,16
DA:36,1
DA:37,1
DA:40,1
DA:44,0
DA:45,0
DA:46,0
DA:51,1
DA:55,1
LF:23
LH:20
BRDA:44,0,0,0
BRDA:44,0,1,0
BRF:2
BRH:0
end_of_record
TN:
SF:src/config.ts
FNF:0
FNH:0
DA:1,1
DA:2,1
DA:4,1
DA:5,1
DA:8,1
DA:9,1
DA:10,1
DA:11,1
DA:12,1
LF:9
LH:9
BRF:0
BRH:0
end_of_record
TN:
SF:src/api/user/user.con.ts
FN:16,(anonymous_8)
FN:42,(anonymous_9)
FN:42,(anonymous_10)
FN:46,(anonymous_11)
FN:61,(anonymous_12)
FN:61,(anonymous_13)
FN:75,(anonymous_14)
FN:75,(anonymous_15)
FN:94,(anonymous_16)
FN:94,(anonymous_17)
FN:114,(anonymous_18)
FN:114,(anonymous_19)
FN:136,(anonymous_20)
FN:136,(anonymous_21)
FN:141,(anonymous_22)
FN:141,(anonymous_23)
FN:20,(anonymous_24)
FNF:17
FNH:13
FNDA:1,(anonymous_8)
FNDA:16,(anonymous_9)
FNDA:16,(anonymous_10)
FNDA:6,(anonymous_11)
FNDA:2,(anonymous_12)
FNDA:2,(anonymous_13)
FNDA:5,(anonymous_14)
FNDA:5,(anonymous_15)
FNDA:3,(anonymous_16)
FNDA:3,(anonymous_17)
FNDA:3,(anonymous_18)
FNDA:3,(anonymous_19)
FNDA:0,(anonymous_20)
FNDA:0,(anonymous_21)
FNDA:0,(anonymous_22)
FNDA:0,(anonymous_23)
FNDA:1,(anonymous_24)
DA:2,1
DA:3,1
DA:4,1
DA:5,1
DA:6,1
DA:8,1
DA:10,1
DA:12,1
DA:13,1
DA:14,1
DA:17,1
DA:21,1
DA:23,1
DA:39,1
DA:42,16
DA:43,16
DA:45,16
DA:46,6
DA:47,6
DA:53,6
DA:55,6
DA:57,10
DA:61,2
DA:62,2
DA:63,2
DA:65,1
DA:71,1
DA:75,5
DA:76,5
DA:78,5
DA:79,5
DA:81,4
DA:90,1
DA:94,3
DA:95,3
DA:96,3
DA:98,3
DA:100,3
DA:110,2
DA:114,3
DA:115,3
DA:117,3
DA:118,3
DA:120,3
DA:122,3
DA:131,2
DA:132,2
DA:136,1
DA:141,1
LF:49
LH:49
BRDA:45,0,0,6
BRDA:45,0,1,10
BRF:2
BRH:2
end_of_record
TN:
SF:src/api/user/user.repo.ts
FN:8,(anonymous_7)
FN:19,(anonymous_9)
FN:27,(anonymous_11)
FN:36,(anonymous_13)
FN:48,(anonymous_15)
FNF:5
FNH:5
FNDA:2,(anonymous_7)
FNDA:4,(anonymous_9)
FNDA:1,(anonymous_11)
FNDA:5,(anonymous_13)
FNDA:3,(anonymous_15)
DA:1,1
DA:2,1
DA:4,1
DA:6,1
DA:9,2
DA:16,2
DA:20,4
DA:28,1
DA:37,5
DA:45,5
DA:49,3
LF:11
LH:11
BRF:0
BRH:0
end_of_record
TN:
SF:src/api/user/user.serv.ts
FN:17,(anonymous_8)
FN:38,(anonymous_9)
FN:38,(anonymous_10)
FN:58,(anonymous_11)
FN:58,(anonymous_12)
FN:74,(anonymous_13)
FN:74,(anonymous_14)
FN:78,(anonymous_15)
FN:78,(anonymous_16)
FN:21,(anonymous_17)
FN:28,(anonymous_18)
FN:32,(anonymous_20)
FNF:12
FNH:12
FNDA:1,(anonymous_8)
FNDA:2,(anonymous_9)
FNDA:2,(anonymous_10)
FNDA:5,(anonymous_11)
FNDA:5,(anonymous_12)
FNDA:3,(anonymous_13)
FNDA:3,(anonymous_14)
FNDA:3,(anonymous_15)
FNDA:3,(anonymous_16)
FNDA:6,(anonymous_17)
FNDA:2,(anonymous_18)
FNDA:5,(anonymous_20)
DA:1,1
DA:2,1
DA:3,1
DA:7,1
DA:8,1
DA:9,1
DA:13,1
DA:18,1
DA:22,6
DA:29,2
DA:33,5
DA:34,5
DA:35,5
DA:38,2
DA:39,2
DA:41,2
DA:42,1
DA:45,1
DA:46,1
DA:48,1
DA:55,1
DA:58,5
DA:59,5
DA:60,5
DA:62,5
DA:63,1
DA:66,4
DA:67,4
DA:69,4
DA:71,4
DA:74,3
DA:75,3
DA:78,3
DA:79,3
LF:34
LH:34
BRDA:41,0,0,1
BRDA:62,1,0,1
BRDA:23,2,0,6
BRDA:23,2,1,6
BRF:4
BRH:4
end_of_record
TN:
SF:src/common/exceptions/bad-request.exception.ts
FN:6,(anonymous_0)
FNF:1
FNH:1
FNDA:8,(anonymous_0)
DA:2,1
DA:4,1
DA:7,8
DA:8,2
DA:10,6
DA:11,6
LF:6
LH:6
BRDA:7,0,0,2
BRDA:7,0,1,6
BRF:2
BRH:2
end_of_record
TN:
SF:src/common/exceptions/conflict.exception.ts
FN:4,(anonymous_0)
FNF:1
FNH:1
FNDA:1,(anonymous_0)
DA:1,1
DA:3,1
DA:5,1
LF:3
LH:3
BRDA:4,0,0,0
BRF:1
BRH:0
end_of_record
TN:
SF:src/common/exceptions/http.exception.ts
FN:5,(anonymous_0)
FN:13,(anonymous_1)
FN:17,(anonymous_2)
FNF:3
FNH:1
FNDA:12,(anonymous_0)
FNDA:0,(anonymous_1)
FNDA:0,(anonymous_2)
DA:1,1
DA:6,12
DA:8,12
DA:9,12
DA:10,12
DA:14,0
DA:18,0
LF:7
LH:5
BRF:0
BRH:0
end_of_record
TN:
SF:src/common/exceptions/index.ts
FNF:0
FNH:0
DA:1,1
DA:2,1
DA:3,1
DA:4,1
LF:4
LH:4
BRF:0
BRH:0
end_of_record
TN:
SF:src/common/exceptions/server.exception.ts
FN:4,(anonymous_0)
FNF:1
FNH:0
FNDA:0,(anonymous_0)
DA:1,1
DA:3,1
DA:5,0
LF:3
LH:2
BRDA:4,0,0,0
BRF:1
BRH:0
end_of_record
TN:
SF:src/common/exceptions/unauthorized.exception.ts
FN:4,(anonymous_0)
FNF:1
FNH:1
FNDA:3,(anonymous_0)
DA:1,1
DA:3,1
DA:5,3
LF:3
LH:3
BRDA:4,0,0,0
BRF:1
BRH:0
end_of_record
TN:
SF:src/entity/User.ts
FN:24,(anonymous_2)
FN:27,(anonymous_3)
FNF:2
FNH:2
FNDA:2,(anonymous_2)
FNDA:2,(anonymous_3)
DA:1,1
DA:2,1
DA:5,1
DA:8,1
DA:13,1
DA:16,1
DA:19,1
DA:22,1
DA:24,2
DA:25,1
DA:27,2
DA:28,1
LF:12
LH:12
BRF:0
BRH:0
end_of_record
TN:
SF:src/lib/database.ts
FN:8,(anonymous_7)
FN:8,(anonymous_8)
FN:14,(anonymous_9)
FN:19,(anonymous_10)
FN:19,(anonymous_11)
FNF:5
FNH:4
FNDA:1,(anonymous_7)
FNDA:1,(anonymous_8)
FNDA:0,(anonymous_9)
FNDA:1,(anonymous_10)
FNDA:1,(anonymous_11)
DA:1,1
DA:2,1
DA:3,1
DA:8,1
DA:10,1
DA:12,1
DA:14,1
DA:16,1
DA:19,1
DA:20,1
DA:21,1
DA:23,1
DA:24,1
LF:13
LH:13
BRDA:20,0,0,1
BRDA:23,1,0,1
BRF:2
BRH:2
end_of_record
TN:
SF:src/lib/jwt.ts
FN:4,(anonymous_6)
FN:12,(anonymous_7)
FNF:2
FNH:2
FNDA:8,(anonymous_6)
FNDA:6,(anonymous_7)
DA:1,1
DA:2,1
DA:4,1
DA:5,8
DA:12,1
DA:13,6
LF:6
LH:6
BRF:0
BRH:0
end_of_record
TN:
SF:src/lib/redis.ts
FN:3,(anonymous_7)
FN:7,(anonymous_8)
FN:7,(anonymous_9)
FNF:3
FNH:3
FNDA:4,(anonymous_7)
FNDA:1,(anonymous_8)
FNDA:1,(anonymous_9)
DA:1,1
DA:3,1
DA:4,4
DA:7,1
DA:8,1
LF:5
LH:5
BRF:0
BRH:0
end_of_record
TN:
SF:src/middlewares/auth.middleware.ts
FN:6,(anonymous_0)
FNF:1
FNH:1
FNDA:6,(anonymous_0)
DA:3,1
DA:4,1
DA:6,1
DA:7,6
DA:9,6
DA:10,4
DA:11,4
DA:12,4
DA:14,2
DA:16,2
DA:19,2
LF:11
LH:11
BRDA:9,0,0,4
BRDA:9,0,1,2
BRF:2
BRH:2
end_of_record
TN:
SF:src/middlewares/error.middleware.ts
FN:4,(anonymous_0)
FNF:1
FNH:1
FNDA:12,(anonymous_0)
DA:4,1
DA:5,12
DA:6,12
DA:16,0
LF:4
LH:3
BRDA:5,0,0,12
BRDA:5,0,1,0
BRDA:12,1,0,12
BRDA:12,1,1,0
BRF:4
BRH:2
end_of_record
TN:
SF:src/test/lib/fake-data.ts
FN:5,(anonymous_0)
FN:10,(anonymous_1)
FN:14,(anonymous_2)
FN:18,(anonymous_3)
FN:22,(anonymous_4)
FN:31,(anonymous_5)
FN:36,(anonymous_6)
FN:40,(anonymous_7)
FNF:8
FNH:7
FNDA:12,(anonymous_0)
FNDA:4,(anonymous_1)
FNDA:3,(anonymous_2)
FNDA:0,(anonymous_3)
FNDA:2,(anonymous_4)
FNDA:5,(anonymous_5)
FNDA:1,(anonymous_6)
FNDA:1,(anonymous_7)
DA:1,1
DA:6,12
DA:7,12
DA:11,4
DA:15,3
DA:19,0
DA:23,2
DA:28,1
DA:32,5
DA:33,5
DA:37,1
DA:41,1
LF:12
LH:11
BRF:0
BRH:0
end_of_record
TN:
SF:src/test/lib/helper.ts
FN:5,getServer
FN:12,expectResponseSucceed
FN:19,expectResponseFailed
FN:26,withHeadersBy
FN:30,withHeaders
FN:35,getHeadersFrom
FN:42,fetchHeaders
FN:48,setHeaders
FNF:8
FNH:8
FNDA:1,getServer
FNDA:2,expectResponseSucceed
FNDA:7,expectResponseFailed
FNDA:16,withHeadersBy
FNDA:19,withHeaders
FNDA:16,getHeadersFrom
FNDA:16,fetchHeaders
FNDA:19,setHeaders
DA:1,1
DA:2,1
DA:5,1
DA:6,1
DA:9,1
DA:12,1
DA:13,2
DA:14,2
DA:15,2
DA:16,2
DA:19,1
DA:20,7
DA:21,7
DA:22,7
DA:23,7
DA:26,1
DA:30,16
DA:31,19
DA:35,1
DA:36,16
DA:37,16
DA:42,1
DA:43,16
DA:45,16
DA:48,1
DA:49,19
DA:50,0
DA:52,19
LF:28
LH:27
BRDA:36,0,0,16
BRDA:36,0,1,0
BRDA:36,1,0,16
BRDA:36,1,1,16
BRDA:49,2,0,0
BRDA:49,3,0,19
BRDA:49,3,1,0
BRDA:49,4,0,0
BRDA:49,4,1,0
BRF:9
BRH:4
end_of_record
